# JRE version: OpenJDK Runtime Environment (17.0.1+12) (build 17.0.1+12-39)
# Java VM: OpenJDK 64-Bit Server VM (17.0.1+12-39, mixed mode, sharing, tiered, compressed oops, compressed class ptrs, g1 gc, windows-amd64)
GC Precious Log:
 CPUs: 4 total, 4 available
 Memory: 16264M
 Large Page Support: Disabled
 NUMA Support: Disabled
 Compressed Oops: Enabled (Zero based)
 Heap Region Size: 2M
 Heap Min Capacity: 8M
 Heap Initial Capacity: 256M
 Heap Max Capacity: 4068M
 Pre-touch: Disabled
 Parallel Workers: 4
 Concurrent Workers: 1
 Concurrent Refinement Workers: 4
 Periodic GC: Disabled
Heap:
 garbage-first heap   total 303104K, used 183524K [0x0000000701c00000, 0x0000000800000000)
  region size 2048K, 76 young (155648K), 3 survivors (6144K)
 Metaspace       used 76930K, committed 77632K, reserved 1122304K
  class space    used 9818K, committed 10112K, reserved 1048576K
GC Heap History (20 events):
Event: 220.293 GC heap before
{Heap before GC invocations=31 (full 1):
 garbage-first heap   total 102400K, used 77994K [0x0000000701c00000, 0x0000000800000000)
  region size 2048K, 26 young (53248K), 2 survivors (4096K)
 Metaspace       used 74267K, committed 74944K, reserved 1114112K
  class space    used 9722K, committed 10048K, reserved 1048576K
}
Event: 220.298 GC heap after
{Heap after GC invocations=32 (full 1):
 garbage-first heap   total 102400K, used 30786K [0x0000000701c00000, 0x0000000800000000)
  region size 2048K, 2 young (4096K), 2 survivors (4096K)
 Metaspace       used 74267K, committed 74944K, reserved 1114112K
  class space    used 9722K, committed 10048K, reserved 1048576K
}
Event: 220.370 GC heap before
{Heap before GC invocations=32 (full 1):
 garbage-first heap   total 102400K, used 79938K [0x0000000701c00000, 0x0000000800000000)
  region size 2048K, 27 young (55296K), 2 survivors (4096K)
 Metaspace       used 74288K, committed 74944K, reserved 1114112K
  class space    used 9723K, committed 10048K, reserved 1048576K
}
Event: 220.375 GC heap after
{Heap after GC invocations=33 (full 1):
 garbage-first heap   total 102400K, used 30710K [0x0000000701c00000, 0x0000000800000000)
  region size 2048K, 2 young (4096K), 2 survivors (4096K)
 Metaspace       used 74288K, committed 74944K, reserved 1114112K
  class space    used 9723K, committed 10048K, reserved 1048576K
}
Event: 221.109 GC heap before
{Heap before GC invocations=33 (full 1):
 garbage-first heap   total 102400K, used 81910K [0x0000000701c00000, 0x0000000800000000)
  region size 2048K, 27 young (55296K), 2 survivors (4096K)
 Metaspace       used 74754K, committed 75392K, reserved 1114112K
  class space    used 9744K, committed 10048K, reserved 1048576K
}
Event: 221.116 GC heap after
{Heap after GC invocations=34 (full 1):
 garbage-first heap   total 102400K, used 32508K [0x0000000701c00000, 0x0000000800000000)
  region size 2048K, 3 young (6144K), 3 survivors (6144K)
 Metaspace       used 74754K, committed 75392K, reserved 1114112K
  class space    used 9744K, committed 10048K, reserved 1048576K
}
Event: 222.852 GC heap before
{Heap before GC invocations=34 (full 1):
 garbage-first heap   total 102400K, used 81660K [0x0000000701c00000, 0x0000000800000000)
  region size 2048K, 27 young (55296K), 3 survivors (6144K)
 Metaspace       used 75215K, committed 75840K, reserved 1122304K
  class space    used 9746K, committed 10048K, reserved 1048576K
}
Event: 222.858 GC heap after
{Heap after GC invocations=35 (full 1):
 garbage-first heap   total 102400K, used 33082K [0x0000000701c00000, 0x0000000800000000)
  region size 2048K, 2 young (4096K), 2 survivors (4096K)
 Metaspace       used 75215K, committed 75840K, reserved 1122304K
  class space    used 9746K, committed 10048K, reserved 1048576K
}
Event: 224.086 GC heap before
{Heap before GC invocations=35 (full 1):
 garbage-first heap   total 102400K, used 82234K [0x0000000701c00000, 0x0000000800000000)
  region size 2048K, 26 young (53248K), 2 survivors (4096K)
 Metaspace       used 75431K, committed 76096K, reserved 1122304K
  class space    used 9747K, committed 10048K, reserved 1048576K
}
Event: 224.090 GC heap after
{Heap after GC invocations=36 (full 1):
 garbage-first heap   total 102400K, used 32859K [0x0000000701c00000, 0x0000000800000000)
  region size 2048K, 2 young (4096K), 2 survivors (4096K)
 Metaspace       used 75431K, committed 76096K, reserved 1122304K
  class space    used 9747K, committed 10048K, reserved 1048576K
}
Event: 252.025 GC heap before
{Heap before GC invocations=36 (full 1):
 garbage-first heap   total 102400K, used 57435K [0x0000000701c00000, 0x0000000800000000)
  region size 2048K, 15 young (30720K), 2 survivors (4096K)
 Metaspace       used 75661K, committed 76352K, reserved 1122304K
  class space    used 9759K, committed 10048K, reserved 1048576K
}
Event: 252.101 GC heap after
{Heap after GC invocations=37 (full 2):
 garbage-first heap   total 102400K, used 30441K [0x0000000701c00000, 0x0000000800000000)
  region size 2048K, 0 young (0K), 0 survivors (0K)
 Metaspace       used 75661K, committed 76352K, reserved 1122304K
  class space    used 9759K, committed 10048K, reserved 1048576K
}
Event: 253.451 GC heap before
{Heap before GC invocations=37 (full 2):
 garbage-first heap   total 102400K, used 81641K [0x0000000701c00000, 0x0000000800000000)
  region size 2048K, 26 young (53248K), 0 survivors (0K)
 Metaspace       used 75897K, committed 76608K, reserved 1122304K
  class space    used 9776K, committed 10112K, reserved 1048576K
}
Event: 253.456 GC heap after
{Heap after GC invocations=38 (full 2):
 garbage-first heap   total 102400K, used 34003K [0x0000000701c00000, 0x0000000800000000)
  region size 2048K, 2 young (4096K), 2 survivors (4096K)
 Metaspace       used 75897K, committed 76608K, reserved 1122304K
  class space    used 9776K, committed 10112K, reserved 1048576K
}
Event: 253.468 GC heap before
{Heap before GC invocations=38 (full 2):
 garbage-first heap   total 102400K, used 79059K [0x0000000701c00000, 0x0000000800000000)
  region size 2048K, 25 young (51200K), 2 survivors (4096K)
 Metaspace       used 75897K, committed 76608K, reserved 1122304K
  class space    used 9776K, committed 10112K, reserved 1048576K
}
Event: 253.473 GC heap after
{Heap after GC invocations=39 (full 2):
 garbage-first heap   total 102400K, used 34112K [0x0000000701c00000, 0x0000000800000000)
  region size 2048K, 2 young (4096K), 2 survivors (4096K)
 Metaspace       used 75897K, committed 76608K, reserved 1122304K
  class space    used 9776K, committed 10112K, reserved 1048576K
}
Event: 253.481 GC heap before
{Heap before GC invocations=39 (full 2):
 garbage-first heap   total 102400K, used 81216K [0x0000000701c00000, 0x0000000800000000)
  region size 2048K, 26 young (53248K), 2 survivors (4096K)
 Metaspace       used 75897K, committed 76608K, reserved 1122304K
  class space    used 9776K, committed 10112K, reserved 1048576K
}
Event: 253.486 GC heap after
{Heap after GC invocations=40 (full 2):
 garbage-first heap   total 102400K, used 34194K [0x0000000701c00000, 0x0000000800000000)
  region size 2048K, 2 young (4096K), 2 survivors (4096K)
 Metaspace       used 75897K, committed 76608K, reserved 1122304K
  class space    used 9776K, committed 10112K, reserved 1048576K
}
Event: 254.576 GC heap before
{Heap before GC invocations=40 (full 2):
 garbage-first heap   total 102400K, used 83346K [0x0000000701c00000, 0x0000000800000000)
  region size 2048K, 26 young (53248K), 2 survivors (4096K)
 Metaspace       used 76279K, committed 76928K, reserved 1122304K
  class space    used 9793K, committed 10112K, reserved 1048576K
}
Event: 254.583 GC heap after
{Heap after GC invocations=41 (full 2):
 garbage-first heap   total 303104K, used 36068K [0x0000000701c00000, 0x0000000800000000)
  region size 2048K, 3 young (6144K), 3 survivors (6144K)
 Metaspace       used 76279K, committed 76928K, reserved 1122304K
  class space    used 9793K, committed 10112K, reserved 1048576K
}

