# JRE version: OpenJDK Runtime Environment (17.0.1+12) (build 17.0.1+12-39)
# Java VM: OpenJDK 64-Bit Server VM (17.0.1+12-39, mixed mode, sharing, tiered, compressed oops, compressed class ptrs, g1 gc, windows-amd64)
GC Precious Log:
 CPUs: 4 total, 4 available
 Memory: 16264M
 Large Page Support: Disabled
 NUMA Support: Disabled
 Compressed Oops: Enabled (Zero based)
 Heap Region Size: 2M
 Heap Min Capacity: 8M
 Heap Initial Capacity: 256M
 Heap Max Capacity: 4068M
 Pre-touch: Disabled
 Parallel Workers: 4
 Concurrent Workers: 1
 Concurrent Refinement Workers: 4
 Periodic GC: Disabled
Heap:
 garbage-first heap   total 147456K, used 108123K [0x0000000701c00000, 0x0000000800000000)
  region size 2048K, 28 young (57344K), 2 survivors (4096K)
 Metaspace       used 81882K, committed 82752K, reserved 1122304K
  class space    used 10189K, committed 10624K, reserved 1048576K
GC Heap History (20 events):
Event: 1449.048 GC heap before
{Heap before GC invocations=88 (full 6):
 garbage-first heap   total 147456K, used 113073K [0x0000000701c00000, 0x0000000800000000)
  region size 2048K, 35 young (71680K), 3 survivors (6144K)
 Metaspace       used 80488K, committed 81344K, reserved 1122304K
  class space    used 10094K, committed 10496K, reserved 1048576K
}
Event: 1449.156 GC heap after
{Heap after GC invocations=89 (full 7):
 garbage-first heap   total 147456K, used 47277K [0x0000000701c00000, 0x0000000800000000)
  region size 2048K, 0 young (0K), 0 survivors (0K)
 Metaspace       used 80488K, committed 81344K, reserved 1122304K
  class space    used 10094K, committed 10496K, reserved 1048576K
}
Event: 1450.103 GC heap before
{Heap before GC invocations=89 (full 7):
 garbage-first heap   total 147456K, used 116909K [0x0000000701c00000, 0x0000000800000000)
  region size 2048K, 35 young (71680K), 0 survivors (0K)
 Metaspace       used 80672K, committed 81536K, reserved 1122304K
  class space    used 10118K, committed 10560K, reserved 1048576K
}
Event: 1450.107 GC heap after
{Heap after GC invocations=90 (full 7):
 garbage-first heap   total 147456K, used 51373K [0x0000000701c00000, 0x0000000800000000)
  region size 2048K, 2 young (4096K), 2 survivors (4096K)
 Metaspace       used 80672K, committed 81536K, reserved 1122304K
  class space    used 10118K, committed 10560K, reserved 1048576K
}
Event: 1450.117 GC heap before
{Heap before GC invocations=90 (full 7):
 garbage-first heap   total 147456K, used 116909K [0x0000000701c00000, 0x0000000800000000)
  region size 2048K, 35 young (71680K), 2 survivors (4096K)
 Metaspace       used 80672K, committed 81536K, reserved 1122304K
  class space    used 10118K, committed 10560K, reserved 1048576K
}
Event: 1450.120 GC heap after
{Heap after GC invocations=91 (full 7):
 garbage-first heap   total 147456K, used 51277K [0x0000000701c00000, 0x0000000800000000)
  region size 2048K, 2 young (4096K), 2 survivors (4096K)
 Metaspace       used 80672K, committed 81536K, reserved 1122304K
  class space    used 10118K, committed 10560K, reserved 1048576K
}
Event: 1450.807 GC heap before
{Heap before GC invocations=92 (full 7):
 garbage-first heap   total 147456K, used 116813K [0x0000000701c00000, 0x0000000800000000)
  region size 2048K, 35 young (71680K), 2 survivors (4096K)
 Metaspace       used 81005K, committed 81856K, reserved 1122304K
  class space    used 10139K, committed 10560K, reserved 1048576K
}
Event: 1450.814 GC heap after
{Heap after GC invocations=93 (full 7):
 garbage-first heap   total 147456K, used 52996K [0x0000000701c00000, 0x0000000800000000)
  region size 2048K, 3 young (6144K), 3 survivors (6144K)
 Metaspace       used 81005K, committed 81856K, reserved 1122304K
  class space    used 10139K, committed 10560K, reserved 1048576K
}
Event: 1452.246 GC heap before
{Heap before GC invocations=93 (full 7):
 garbage-first heap   total 147456K, used 118532K [0x0000000701c00000, 0x0000000800000000)
  region size 2048K, 35 young (71680K), 3 survivors (6144K)
 Metaspace       used 81014K, committed 81856K, reserved 1122304K
  class space    used 10139K, committed 10560K, reserved 1048576K
}
Event: 1452.252 GC heap after
{Heap after GC invocations=94 (full 7):
 garbage-first heap   total 147456K, used 53516K [0x0000000701c00000, 0x0000000800000000)
  region size 2048K, 2 young (4096K), 2 survivors (4096K)
 Metaspace       used 81014K, committed 81856K, reserved 1122304K
  class space    used 10139K, committed 10560K, reserved 1048576K
}
Event: 1472.286 GC heap before
{Heap before GC invocations=95 (full 7):
 garbage-first heap   total 147456K, used 96524K [0x0000000701c00000, 0x0000000800000000)
  region size 2048K, 24 young (49152K), 2 survivors (4096K)
 Metaspace       used 81250K, committed 82112K, reserved 1122304K
  class space    used 10145K, committed 10560K, reserved 1048576K
}
Event: 1472.398 GC heap after
{Heap after GC invocations=96 (full 8):
 garbage-first heap   total 147456K, used 50731K [0x0000000701c00000, 0x0000000800000000)
  region size 2048K, 0 young (0K), 0 survivors (0K)
 Metaspace       used 81250K, committed 82112K, reserved 1122304K
  class space    used 10145K, committed 10560K, reserved 1048576K
}
Event: 1473.354 GC heap before
{Heap before GC invocations=96 (full 8):
 garbage-first heap   total 147456K, used 120363K [0x0000000701c00000, 0x0000000800000000)
  region size 2048K, 35 young (71680K), 0 survivors (0K)
 Metaspace       used 81401K, committed 82368K, reserved 1122304K
  class space    used 10161K, committed 10624K, reserved 1048576K
}
Event: 1473.360 GC heap after
{Heap after GC invocations=97 (full 8):
 garbage-first heap   total 147456K, used 54471K [0x0000000701c00000, 0x0000000800000000)
  region size 2048K, 2 young (4096K), 2 survivors (4096K)
 Metaspace       used 81401K, committed 82368K, reserved 1122304K
  class space    used 10161K, committed 10624K, reserved 1048576K
}
Event: 1473.379 GC heap before
{Heap before GC invocations=97 (full 8):
 garbage-first heap   total 147456K, used 117959K [0x0000000701c00000, 0x0000000800000000)
  region size 2048K, 34 young (69632K), 2 survivors (4096K)
 Metaspace       used 81401K, committed 82368K, reserved 1122304K
  class space    used 10161K, committed 10624K, reserved 1048576K
}
Event: 1473.385 GC heap after
{Heap after GC invocations=98 (full 8):
 garbage-first heap   total 147456K, used 54286K [0x0000000701c00000, 0x0000000800000000)
  region size 2048K, 2 young (4096K), 2 survivors (4096K)
 Metaspace       used 81401K, committed 82368K, reserved 1122304K
  class space    used 10161K, committed 10624K, reserved 1048576K
}
Event: 1474.089 GC heap before
{Heap before GC invocations=99 (full 8):
 garbage-first heap   total 147456K, used 119822K [0x0000000701c00000, 0x0000000800000000)
  region size 2048K, 35 young (71680K), 2 survivors (4096K)
 Metaspace       used 81734K, committed 82624K, reserved 1122304K
  class space    used 10180K, committed 10624K, reserved 1048576K
}
Event: 1474.097 GC heap after
{Heap after GC invocations=100 (full 8):
 garbage-first heap   total 147456K, used 56382K [0x0000000701c00000, 0x0000000800000000)
  region size 2048K, 3 young (6144K), 3 survivors (6144K)
 Metaspace       used 81734K, committed 82624K, reserved 1122304K
  class space    used 10180K, committed 10624K, reserved 1048576K
}
Event: 1475.410 GC heap before
{Heap before GC invocations=100 (full 8):
 garbage-first heap   total 147456K, used 121918K [0x0000000701c00000, 0x0000000800000000)
  region size 2048K, 35 young (71680K), 3 survivors (6144K)
 Metaspace       used 81744K, committed 82624K, reserved 1122304K
  class space    used 10180K, committed 10624K, reserved 1048576K
}
Event: 1475.416 GC heap after
{Heap after GC invocations=101 (full 8):
 garbage-first heap   total 147456K, used 56923K [0x0000000701c00000, 0x0000000800000000)
  region size 2048K, 2 young (4096K), 2 survivors (4096K)
 Metaspace       used 81744K, committed 82624K, reserved 1122304K
  class space    used 10180K, committed 10624K, reserved 1048576K
}

